{
  "uid" : "1aef4015cba94883",
  "name" : "test_div[float]",
  "fullName" : "testing.test_cal.TestCalc#test_div[float]",
  "historyId" : "f2a00abd5e73f9f76b899f711cb11a19",
  "time" : {
    "start" : 1595053844203,
    "stop" : 1595053844204,
    "duration" : 1
  },
  "status" : "failed",
  "statusMessage" : "AssertionError: assert 2 == 0.1\n +  where 0.1 = <bound method Calculator.div of <pythoncode.calc.Calculator object at 0x105753eb8>>(0.2, 0.1)\n +    where <bound method Calculator.div of <pythoncode.calc.Calculator object at 0x105753eb8>> = <pythoncode.calc.Calculator object at 0x105753eb8>.div\n +      where <pythoncode.calc.Calculator object at 0x105753eb8> = <testing.test_cal.TestCalc object at 0x1057b27b8>.cal",
  "statusTrace" : "self = <testing.test_cal.TestCalc object at 0x1057b27b8>, a = 0.2, b = 0.1\nresult = 2\n\n    @pytest.mark.parametrize('a,b,result',div_datas,ids=divs)\n    def test_div(self, a, b, result):\n>       assert result == self.cal.div(a, b)\nE       assert 2 == 0.1\nE        +  where 0.1 = <bound method Calculator.div of <pythoncode.calc.Calculator object at 0x105753eb8>>(0.2, 0.1)\nE        +    where <bound method Calculator.div of <pythoncode.calc.Calculator object at 0x105753eb8>> = <pythoncode.calc.Calculator object at 0x105753eb8>.div\nE        +      where <pythoncode.calc.Calculator object at 0x105753eb8> = <testing.test_cal.TestCalc object at 0x1057b27b8>.cal\n\ntesting/test_cal.py:53: AssertionError",
  "flaky" : false,
  "newFailed" : false,
  "beforeStages" : [ {
    "name" : "_Class__pytest_setup_class",
    "time" : {
      "start" : 1595053844131,
      "stop" : 1595053844132,
      "duration" : 1
    },
    "status" : "passed",
    "steps" : [ ],
    "attachments" : [ ],
    "parameters" : [ ],
    "stepsCount" : 0,
    "attachmentsCount" : 0,
    "shouldDisplayMessage" : false,
    "hasContent" : false
  }, {
    "name" : "start",
    "time" : {
      "start" : 1595053844203,
      "stop" : 1595053844203,
      "duration" : 0
    },
    "status" : "passed",
    "steps" : [ ],
    "attachments" : [ ],
    "parameters" : [ ],
    "stepsCount" : 0,
    "attachmentsCount" : 0,
    "shouldDisplayMessage" : false,
    "hasContent" : false
  } ],
  "afterStages" : [ {
    "name" : "_Class__pytest_setup_class::0",
    "time" : {
      "start" : 1595053844208,
      "stop" : 1595053844208,
      "duration" : 0
    },
    "status" : "passed",
    "steps" : [ ],
    "attachments" : [ ],
    "parameters" : [ ],
    "stepsCount" : 0,
    "attachmentsCount" : 0,
    "shouldDisplayMessage" : false,
    "hasContent" : false
  }, {
    "name" : "start::0",
    "time" : {
      "start" : 1595053844207,
      "stop" : 1595053844207,
      "duration" : 0
    },
    "status" : "passed",
    "steps" : [ ],
    "attachments" : [ ],
    "parameters" : [ ],
    "stepsCount" : 0,
    "attachmentsCount" : 0,
    "shouldDisplayMessage" : false,
    "hasContent" : false
  } ],
  "labels" : [ {
    "name" : "parentSuite",
    "value" : "testing"
  }, {
    "name" : "suite",
    "value" : "test_cal"
  }, {
    "name" : "subSuite",
    "value" : "TestCalc"
  }, {
    "name" : "host",
    "value" : "zhangbijiangdeMacBook-Pro.local"
  }, {
    "name" : "thread",
    "value" : "23637-MainThread"
  }, {
    "name" : "framework",
    "value" : "pytest"
  }, {
    "name" : "language",
    "value" : "cpython3"
  }, {
    "name" : "package",
    "value" : "testing.test_cal"
  }, {
    "name" : "resultFormat",
    "value" : "allure2"
  } ],
  "parameters" : [ {
    "name" : "a",
    "value" : "0.2"
  }, {
    "name" : "b",
    "value" : "0.1"
  }, {
    "name" : "result",
    "value" : "2"
  } ],
  "links" : [ ],
  "hidden" : true,
  "retry" : true,
  "extra" : {
    "categories" : [ ],
    "tags" : [ ]
  },
  "source" : "1aef4015cba94883.json",
  "parameterValues" : [ "0.2", "0.1", "2" ]
}